<?xml version="1.0" encoding="UTF-8"?>
<testsuite name="org.springframework.samples.groovy.GroovyBeanBuilderTests" tests="9" skipped="0" failures="0" errors="0" timestamp="2015-08-11T07:13:46" hostname="user-xebia" time="3.089">
  <properties/>
  <testcase name="testProperties" classname="org.springframework.samples.groovy.GroovyBeanBuilderTests" time="1.165"/>
  <testcase name="testComponentScan" classname="org.springframework.samples.groovy.GroovyBeanBuilderTests" time="0.954"/>
  <testcase name="testProfiles2" classname="org.springframework.samples.groovy.GroovyBeanBuilderTests" time="0.096"/>
  <testcase name="testProfiles" classname="org.springframework.samples.groovy.GroovyBeanBuilderTests" time="0.068"/>
  <testcase name="testComponentScanWithXml" classname="org.springframework.samples.groovy.GroovyBeanBuilderTests" time="0.383"/>
  <testcase name="testConfig" classname="org.springframework.samples.groovy.GroovyBeanBuilderTests" time="0.153"/>
  <testcase name="testVariableIdAndClass" classname="org.springframework.samples.groovy.GroovyBeanBuilderTests" time="0.092"/>
  <testcase name="testBindings" classname="org.springframework.samples.groovy.GroovyBeanBuilderTests" time="0.077"/>
  <testcase name="testSimple" classname="org.springframework.samples.groovy.GroovyBeanBuilderTests" time="0.089"/>
  <system-out><![CDATA[]]></system-out>
  <system-err><![CDATA[]]></system-err>
</testsuite>
